2025-06-04 13:18:14,104 INFO: 
                ____                _       _____  ____
               / __ ) ____ _ _____ (_)_____/ ___/ / __ \
              / __  |/ __ `// ___// // ___/\__ \ / /_/ /
             / /_/ // /_/ /(__  )/ // /__ ___/ // _, _/
            /_____/ \__,_//____//_/ \___//____//_/ |_|
     ______                   __   __                 __      __
    / ____/____   ____   ____/ /  / /   __  __ _____ / /__   / /
   / / __ / __ \ / __ \ / __  /  / /   / / / // ___// //_/  / /
  / /_/ // /_/ // /_/ // /_/ /  / /___/ /_/ // /__ / /<    /_/
  \____/ \____/ \____/ \____/  /_____/\____/ \___//_/|_|  (_)
    
Version Information: 
	BasicSR: 1.2.0+df766d5
	PyTorch: 1.12.1
	TorchVision: 0.13.1
2025-06-04 13:18:14,106 INFO: 
  name: DefocusDeblur_DualPixel_16bit_Restormer
  model_type: ImageCleanModel
  scale: 1
  num_gpu: 1
  manual_seed: 100
  datasets:[
    train:[
      name: TrainSet
      type: Dataset_DefocusDeblur_DualPixel_16bit
      dataroot_gt: ./Defocus_Deblurring/Datasets/train/DPDD/target_crops
      dataroot_lqL: ./Defocus_Deblurring/Datasets/train/DPDD/inputL_crops
      dataroot_lqR: ./Defocus_Deblurring/Datasets/train/DPDD/inputR_crops
      geometric_augs: True
      filename_tmpl: {}
      io_backend:[
        type: disk
      ]
      use_shuffle: True
      num_worker_per_gpu: 8
      batch_size_per_gpu: 8
      mini_batch_sizes: [8]
      iters: [300000]
      gt_size: 256
      gt_sizes: [256]
      dataset_enlarge_ratio: 1
      prefetch_mode: None
      phase: train
      scale: 1
    ]
    val:[
      name: ValSet
      type: Dataset_DefocusDeblur_DualPixel_16bit
      dataroot_gt: ./Defocus_Deblurring/Datasets/val/DPDD/target_crops
      dataroot_lqL: ./Defocus_Deblurring/Datasets/val/DPDD/inputL_crops
      dataroot_lqR: ./Defocus_Deblurring/Datasets/val/DPDD/inputR_crops
      io_backend:[
        type: disk
      ]
      phase: val
      scale: 1
    ]
  ]
  network_g:[
    type: WFUWNet
    inp_channels: 3
    out_channels: 3
    dim: 32
    num_heads: [1, 2, 4, 8]
    ffn_expansion_factor: 2
    stages: 2
    bias: False
    LayerNorm_type: WithBias
  ]
  path:[
    pretrain_network_g: None
    strict_load_g: True
    resume_state: None
    root: e:\study\project\underwater\restormer
    experiments_root: e:\study\project\underwater\restormer\experiments\DefocusDeblur_DualPixel_16bit_Restormer
    models: e:\study\project\underwater\restormer\experiments\DefocusDeblur_DualPixel_16bit_Restormer\models
    training_states: e:\study\project\underwater\restormer\experiments\DefocusDeblur_DualPixel_16bit_Restormer\training_states
    log: e:\study\project\underwater\restormer\experiments\DefocusDeblur_DualPixel_16bit_Restormer
    visualization: e:\study\project\underwater\restormer\experiments\DefocusDeblur_DualPixel_16bit_Restormer\visualization
  ]
  train:[
    total_iter: 300000
    warmup_iter: -1
    use_grad_clip: True
    scheduler:[
      type: CosineAnnealingRestartCyclicLR
      periods: [92000, 208000]
      restart_weights: [1, 1]
      eta_mins: [0.0003, 1e-06]
    ]
    mixing_augs:[
      mixup: False
      mixup_beta: 1.2
      use_identity: True
    ]
    optim_g:[
      type: AdamW
      lr: 0.0003
      weight_decay: 0.0001
      betas: [0.9, 0.999]
    ]
    pixel_opt:[
      type: L1Loss
      loss_weight: 1
      reduction: mean
    ]
  ]
  val:[
    window_size: 8
    val_freq: 4000.0
    save_img: False
    rgb2bgr: True
    use_image: False
    max_minibatch: 8
    metrics:[
      psnr:[
        type: calculate_psnr
        crop_border: 0
        test_y_channel: False
      ]
    ]
  ]
  logger:[
    print_freq: 1000
    save_checkpoint_freq: 4000.0
    use_tb_logger: True
    wandb:[
      project: None
      resume_id: None
    ]
  ]
  dist_params:[
    backend: nccl
    port: 29500
  ]
  is_train: True
  dist: False
  rank: 0
  world_size: 1

