2025-06-04 17:27:30,759 INFO: 
                ____                _       _____  ____
               / __ ) ____ _ _____ (_)_____/ ___/ / __ \
              / __  |/ __ `// ___// // ___/\__ \ / /_/ /
             / /_/ // /_/ /(__  )/ // /__ ___/ // _, _/
            /_____/ \__,_//____//_/ \___//____//_/ |_|
     ______                   __   __                 __      __
    / ____/____   ____   ____/ /  / /   __  __ _____ / /__   / /
   / / __ / __ \ / __ \ / __  /  / /   / / / // ___// //_/  / /
  / /_/ // /_/ // /_/ // /_/ /  / /___/ /_/ // /__ / /<    /_/
  \____/ \____/ \____/ \____/  /_____/\____/ \___//_/|_|  (_)
    
Version Information: 
	BasicSR: 1.2.0+7b21f57
	PyTorch: 1.12.1
	TorchVision: 0.13.1
2025-06-04 17:27:30,759 INFO: 
  name: WaveletFourierUnderWaterNet
  model_type: ImageCleanModel
  scale: 1
  num_gpu: 1
  manual_seed: 100
  datasets:[
    train:[
      name: TrainSet
      type: Dataset_PairedImage
      dataroot_gt: ./Under_Water/Datasets/LSUI/LSUI/GT
      dataroot_lq: ./Under_Water/Datasets/LSUI/LSUI/input
      geometric_augs: True
      filename_tmpl: {}
      io_backend:[
        type: disk
      ]
      use_shuffle: True
      num_worker_per_gpu: 8
      batch_size_per_gpu: 8
      mini_batch_sizes: [8]
      iters: [300000]
      gt_size: 256
      gt_sizes: [256]
      dataset_enlarge_ratio: 1
      prefetch_mode: None
      phase: train
      scale: 1
    ]
    val:[
      name: ValSet
      type: Dataset_PairedImage
      dataroot_gt: ./Under_Water/Datasets/LSUI/LSUI/GT
      dataroot_lq: ./Under_Water/Datasets/LSUI/LSUI/input
      io_backend:[
        type: disk
      ]
      phase: val
      scale: 1
    ]
  ]
  network_g:[
    type: WFUWNet
    inp_channels: 3
    out_channels: 3
    dim: 32
    num_heads: [1, 2, 4, 8]
    ffn_expansion_factor: 2
    stages: 2
    bias: False
    LayerNorm_type: WithBias
  ]
  path:[
    pretrain_network_g: None
    strict_load_g: True
    resume_state: None
    root: e:\study\project\underwater\restormer
    experiments_root: e:\study\project\underwater\restormer\experiments\WaveletFourierUnderWaterNet
    models: e:\study\project\underwater\restormer\experiments\WaveletFourierUnderWaterNet\models
    training_states: e:\study\project\underwater\restormer\experiments\WaveletFourierUnderWaterNet\training_states
    log: e:\study\project\underwater\restormer\experiments\WaveletFourierUnderWaterNet
    visualization: e:\study\project\underwater\restormer\experiments\WaveletFourierUnderWaterNet\visualization
  ]
  train:[
    total_iter: 300000
    warmup_iter: -1
    use_grad_clip: True
    scheduler:[
      type: CosineAnnealingRestartCyclicLR
      periods: [92000, 208000]
      restart_weights: [1, 1]
      eta_mins: [0.0003, 1e-06]
    ]
    mixing_augs:[
      mixup: False
      mixup_beta: 1.2
      use_identity: True
    ]
    optim_g:[
      type: AdamW
      lr: 0.0003
      weight_decay: 0.0001
      betas: [0.9, 0.999]
    ]
    pixel_opt:[
      type: L1Loss
      loss_weight: 1
      reduction: mean
    ]
  ]
  val:[
    window_size: 8
    val_freq: 4000.0
    save_img: False
    rgb2bgr: True
    use_image: False
    max_minibatch: 8
    metrics:[
      psnr:[
        type: calculate_psnr
        crop_border: 0
        test_y_channel: False
      ]
    ]
  ]
  logger:[
    print_freq: 1000
    save_checkpoint_freq: 4000.0
    use_tb_logger: True
    wandb:[
      project: None
      resume_id: None
    ]
  ]
  dist_params:[
    backend: nccl
    port: 29500
  ]
  is_train: True
  dist: False
  rank: 0
  world_size: 1

2025-06-04 17:27:31,239 INFO: Dataset Dataset_PairedImage - TrainSet is created.
2025-06-04 17:27:31,239 INFO: Training statistics:
	Number of train images: 4279
	Dataset enlarge ratio: 1
	Batch size per gpu: 8
	World size (gpu number): 1
	Require iter number per epoch: 535
	Total epochs: 561; iters: 300000.
2025-06-04 17:27:31,606 INFO: Dataset Dataset_PairedImage - ValSet is created.
2025-06-04 17:27:31,606 INFO: Number of val images/folders in ValSet: 4279
